Determining if the pthread_create exist failed with the following output:
Change Dir: /home/klen/Smart-Bees/Gate/build/CMakeFiles/CMakeTmp

Run Build Command:"/usr/bin/make" "cmTC_a50c3/fast"
/usr/bin/make -f CMakeFiles/cmTC_a50c3.dir/build.make CMakeFiles/cmTC_a50c3.dir/build
make[1]: вход в каталог «/home/klen/Smart-Bees/Gate/build/CMakeFiles/CMakeTmp»
Building C object CMakeFiles/cmTC_a50c3.dir/CheckSymbolExists.c.o
/usr/bin/cc    -o CMakeFiles/cmTC_a50c3.dir/CheckSymbolExists.c.o   -c /home/klen/Smart-Bees/Gate/build/CMakeFiles/CMakeTmp/CheckSymbolExists.c
Linking C executable cmTC_a50c3
/usr/bin/cmake -E cmake_link_script CMakeFiles/cmTC_a50c3.dir/link.txt --verbose=1
/usr/bin/cc      CMakeFiles/cmTC_a50c3.dir/CheckSymbolExists.c.o  -o cmTC_a50c3 
/usr/bin/ld: CMakeFiles/cmTC_a50c3.dir/CheckSymbolExists.c.o: in function `main':
CheckSymbolExists.c:(.text+0x1b): undefined reference to `pthread_create'
collect2: error: ld returned 1 exit status
make[1]: *** [CMakeFiles/cmTC_a50c3.dir/build.make:87: cmTC_a50c3] Ошибка 1
make[1]: выход из каталога «/home/klen/Smart-Bees/Gate/build/CMakeFiles/CMakeTmp»
make: *** [Makefile:121: cmTC_a50c3/fast] Ошибка 2

File /home/klen/Smart-Bees/Gate/build/CMakeFiles/CMakeTmp/CheckSymbolExists.c:
/* */
#include <pthread.h>

int main(int argc, char** argv)
{
  (void)argv;
#ifndef pthread_create
  return ((int*)(&pthread_create))[argc];
#else
  (void)argc;
  return 0;
#endif
}

Determining if the function pthread_create exists in the pthreads failed with the following output:
Change Dir: /home/klen/Smart-Bees/Gate/build/CMakeFiles/CMakeTmp

Run Build Command:"/usr/bin/make" "cmTC_bea50/fast"
/usr/bin/make -f CMakeFiles/cmTC_bea50.dir/build.make CMakeFiles/cmTC_bea50.dir/build
make[1]: вход в каталог «/home/klen/Smart-Bees/Gate/build/CMakeFiles/CMakeTmp»
Building C object CMakeFiles/cmTC_bea50.dir/CheckFunctionExists.c.o
/usr/bin/cc   -DCHECK_FUNCTION_EXISTS=pthread_create   -o CMakeFiles/cmTC_bea50.dir/CheckFunctionExists.c.o   -c /usr/share/cmake-3.13/Modules/CheckFunctionExists.c
Linking C executable cmTC_bea50
/usr/bin/cmake -E cmake_link_script CMakeFiles/cmTC_bea50.dir/link.txt --verbose=1
/usr/bin/cc  -DCHECK_FUNCTION_EXISTS=pthread_create    CMakeFiles/cmTC_bea50.dir/CheckFunctionExists.c.o  -o cmTC_bea50 -lpthreads 
/usr/bin/ld: cannot find -lpthreads
collect2: error: ld returned 1 exit status
make[1]: *** [CMakeFiles/cmTC_bea50.dir/build.make:87: cmTC_bea50] Ошибка 1
make[1]: выход из каталога «/home/klen/Smart-Bees/Gate/build/CMakeFiles/CMakeTmp»
make: *** [Makefile:121: cmTC_bea50/fast] Ошибка 2


